Using pre-set license
Built from '2020.3/staging' branch; Version is '2020.3.13f1 (71691879b7f5) revision 7432472'; Using compiler version '192528614'; Build Type 'Release'
OS: 'Windows 10 Pro; OS build 22000.51; Version 2009; 64bit' Language: 'pt' Physical Memory: 8047 MB
BatchMode: 1, IsHumanControllingUs: 0, StartBugReporterOnCrash: 0, Is64bit: 1, IsPro: 0

 COMMAND LINE ARGUMENTS:
C:\Program Files\Unity\Hub\Editor\2020.3.13f1\Editor\Unity.exe
-adb2
-batchMode
-noUpm
-name
AssetImportWorker0
-projectPath
C:/Unity Repos/MineVaporSweeper2000
-logFile
Logs/AssetImportWorker0.log
-srvPort
59002
Successfully changed project path to: C:/Unity Repos/MineVaporSweeper2000
C:/Unity Repos/MineVaporSweeper2000
Using Asset Import Pipeline V2.
Refreshing native plugins compatible for Editor in 115.58 ms, found 3 plugins.
Preloading 0 native plugins for Editor in 0.00 ms.
Initialize engine version: 2020.3.13f1 (71691879b7f5)
[Subsystems] Discovering subsystems at path C:/Program Files/Unity/Hub/Editor/2020.3.13f1/Editor/Data/Resources/UnitySubsystems
[Subsystems] Discovering subsystems at path C:/Unity Repos/MineVaporSweeper2000/Assets
GfxDevice: creating device client; threaded=0
Direct3D:
    Version:  Direct3D 11.0 [level 11.1]
    Renderer: NVIDIA GeForce GTX 960 (ID=0x1401)
    Vendor:   
    VRAM:     2007 MB
    Driver:   30.0.14.7111
Initialize mono
Mono path[0] = 'C:/Program Files/Unity/Hub/Editor/2020.3.13f1/Editor/Data/Managed'
Mono path[1] = 'C:/Program Files/Unity/Hub/Editor/2020.3.13f1/Editor/Data/MonoBleedingEdge/lib/mono/unityjit'
Mono config path = 'C:/Program Files/Unity/Hub/Editor/2020.3.13f1/Editor/Data/MonoBleedingEdge/etc'
Using monoOptions --debugger-agent=transport=dt_socket,embedding=1,server=y,suspend=n,address=127.0.0.1:56004
Begin MonoManager ReloadAssembly
Registering precompiled unity dll's ...
Register platform support module: C:/Program Files/Unity/Hub/Editor/2020.3.13f1/Editor/Data/PlaybackEngines/WebGLSupport/UnityEditor.WebGL.Extensions.dll
Register platform support module: C:/Program Files/Unity/Hub/Editor/2020.3.13f1/Editor/Data/PlaybackEngines/WindowsStandaloneSupport/UnityEditor.WindowsStandalone.Extensions.dll
Register platform support module: C:/Program Files/Unity/Hub/Editor/2020.3.13f1/Editor/Data/PlaybackEngines/LinuxStandaloneSupport/UnityEditor.LinuxStandalone.Extensions.dll
Registered in 0.009954 seconds.
Native extension for LinuxStandalone target not found
Native extension for WindowsStandalone target not found
Native extension for WebGL target not found
Refreshing native plugins compatible for Editor in 47.79 ms, found 3 plugins.
Preloading 0 native plugins for Editor in 0.00 ms.
Mono: successfully reloaded assembly
- Completed reload, in  2.069 seconds
Platform modules already initialized, skipping
Registering precompiled user dll's ...
Registered in 0.264700 seconds.
Begin MonoManager ReloadAssembly
Native extension for LinuxStandalone target not found
Native extension for WindowsStandalone target not found
Native extension for WebGL target not found
Refreshing native plugins compatible for Editor in 44.19 ms, found 3 plugins.
Preloading 0 native plugins for Editor in 0.00 ms.
Mono: successfully reloaded assembly
- Completed reload, in  2.073 seconds
Platform modules already initialized, skipping
========================================================================
Worker process is ready to serve import requests
Launched and connected shader compiler UnityShaderCompiler.exe after 0.10 seconds
Refreshing native plugins compatible for Editor in 0.56 ms, found 3 plugins.
Preloading 0 native plugins for Editor in 0.00 ms.
Unloading 2159 Unused Serialized files (Serialized files now loaded: 0)
System memory in use before: 96.9 MB.
System memory in use after: 97.0 MB.

Unloading 28 unused Assets to reduce memory usage. Loaded Objects now: 2598.
Total: 3.100500 ms (FindLiveObjects: 0.220300 ms CreateObjectMapping: 0.090100 ms MarkObjects: 2.692000 ms  DeleteObjects: 0.096700 ms)

AssetImportParameters requested are different than current active one (requested -> active):
  custom:framework-win-MediaFoundation: 216162199b28c13a410421893ffa2e32 -> 
  custom:video-decoder-ogg-theora: a1e56fd34408186e4bbccfd4996cb3dc -> 
  custom:container-muxer-webm: aa71ff27fc2769a1b78a27578f13a17b -> 
  custom:container-demuxer-webm: 4f35f7cbe854078d1ac9338744f61a02 -> 
  custom:container-demuxer-ogg: 62fdf1f143b41e24485cea50d1cbac27 -> 
  custom:video-encoder-webm-vp8: eb34c28f22e8b96e1ab97ce403110664 -> 
  custom:video-decoder-webm-vp8: 9c59270c3fd7afecdb556c50c9e8de78 -> 
  custom:audio-decoder-ogg-vorbis: bf7c407c2cedff20999df2af8eb42d56 -> 
  custom:audio-encoder-webm-vorbis: bf7c407c2cedff20999df2af8eb42d56 -> 
========================================================================
Received Import Request.
  path: Assets/Scripts/CustomGrid.cs
  artifactKey: Guid(721fd956d4701c6429bfbdb5c5d8955f) Importer(815301076,1909f56bfc062723c751e8b465ee728b)
Start importing Assets/Scripts/CustomGrid.cs using Guid(721fd956d4701c6429bfbdb5c5d8955f) Importer(815301076,1909f56bfc062723c751e8b465ee728b)  -> (artifact id: '68c4153f9a5ceb3bd8bad1b4fb4084df') in 0.501937 seconds 
  Import took 0.535819 seconds .

========================================================================
Received Prepare
Refreshing native plugins compatible for Editor in 8.26 ms, found 3 plugins.
Preloading 0 native plugins for Editor in 0.00 ms.
Unloading 14 Unused Serialized files (Serialized files now loaded: 0)
System memory in use before: 53.0 MB.
System memory in use after: 53.1 MB.

Unloading 14 unused Assets to reduce memory usage. Loaded Objects now: 2598.
Total: 3.662300 ms (FindLiveObjects: 0.611400 ms CreateObjectMapping: 0.241300 ms MarkObjects: 2.771500 ms  DeleteObjects: 0.036300 ms)

AssetImportParameters requested are different than current active one (requested -> active):
  custom:framework-win-MediaFoundation: 216162199b28c13a410421893ffa2e32 -> 
  custom:video-decoder-ogg-theora: a1e56fd34408186e4bbccfd4996cb3dc -> 
  custom:container-muxer-webm: aa71ff27fc2769a1b78a27578f13a17b -> 
  custom:container-demuxer-webm: 4f35f7cbe854078d1ac9338744f61a02 -> 
  custom:container-demuxer-ogg: 62fdf1f143b41e24485cea50d1cbac27 -> 
  custom:video-encoder-webm-vp8: eb34c28f22e8b96e1ab97ce403110664 -> 
  custom:video-decoder-webm-vp8: 9c59270c3fd7afecdb556c50c9e8de78 -> 
  custom:audio-decoder-ogg-vorbis: bf7c407c2cedff20999df2af8eb42d56 -> 
  custom:audio-encoder-webm-vorbis: bf7c407c2cedff20999df2af8eb42d56 -> 
========================================================================
Received Import Request.
  Time since last request: 209.151185 seconds.
  path: Assets/Scripts/DifficultyDropdownHandler.cs
  artifactKey: Guid(a5bfcf4c4afa51549af851addb68395a) Importer(815301076,1909f56bfc062723c751e8b465ee728b)
Start importing Assets/Scripts/DifficultyDropdownHandler.cs using Guid(a5bfcf4c4afa51549af851addb68395a) Importer(815301076,1909f56bfc062723c751e8b465ee728b)  -> (artifact id: '7d74bc78ee22be76bd25633fe8e7ee6e') in 0.005679 seconds 
  Import took 0.011382 seconds .

========================================================================
Received Import Request.
  Time since last request: 2.665293 seconds.
  path: Assets/Scripts/FlagCounter.cs
  artifactKey: Guid(07c3b72db56b90a4da5b178b1984b699) Importer(815301076,1909f56bfc062723c751e8b465ee728b)
Start importing Assets/Scripts/FlagCounter.cs using Guid(07c3b72db56b90a4da5b178b1984b699) Importer(815301076,1909f56bfc062723c751e8b465ee728b)  -> (artifact id: 'b407913a8257c36421e1bcf564e55379') in 0.007193 seconds 
  Import took 0.013570 seconds .

========================================================================
Received Import Request.
  Time since last request: 5.434436 seconds.
  path: Assets/Scripts/GridDisplay.cs
  artifactKey: Guid(d65490811ff1ff7429e210c9a1074d93) Importer(815301076,1909f56bfc062723c751e8b465ee728b)
Start importing Assets/Scripts/GridDisplay.cs using Guid(d65490811ff1ff7429e210c9a1074d93) Importer(815301076,1909f56bfc062723c751e8b465ee728b)  -> (artifact id: 'c00f1504ec06dc5ceddb4a86a6cc12cc') in 0.010273 seconds 
  Import took 0.059185 seconds .

========================================================================
Received Import Request.
  Time since last request: 0.824039 seconds.
  path: Assets/Scripts/MenuManager.cs
  artifactKey: Guid(fe2148cdf0478ff48b62573dd21704dd) Importer(815301076,1909f56bfc062723c751e8b465ee728b)
Start importing Assets/Scripts/MenuManager.cs using Guid(fe2148cdf0478ff48b62573dd21704dd) Importer(815301076,1909f56bfc062723c751e8b465ee728b)  -> (artifact id: '4fd9d9e9d8e77bad38104825c3dd4df8') in 0.008376 seconds 
  Import took 0.014282 seconds .

========================================================================
Received Import Request.
  Time since last request: 0.818284 seconds.
  path: Assets/Scripts/MineGridObject.cs
  artifactKey: Guid(9a1368402799f9f45811507e48a22ac8) Importer(815301076,1909f56bfc062723c751e8b465ee728b)
Start importing Assets/Scripts/MineGridObject.cs using Guid(9a1368402799f9f45811507e48a22ac8) Importer(815301076,1909f56bfc062723c751e8b465ee728b)  -> (artifact id: 'c9bff07d5b4820c70349284f6b530a82') in 0.017217 seconds 
  Import took 0.024798 seconds .

========================================================================
Received Import Request.
  Time since last request: 0.809112 seconds.
  path: Assets/Scripts/Minesweeper.cs
  artifactKey: Guid(6fd319732fd19ef42b37bba8b4ef2392) Importer(815301076,1909f56bfc062723c751e8b465ee728b)
Start importing Assets/Scripts/Minesweeper.cs using Guid(6fd319732fd19ef42b37bba8b4ef2392) Importer(815301076,1909f56bfc062723c751e8b465ee728b)  -> (artifact id: 'e74b16b02f083d1a0185a63d4acd3856') in 0.008071 seconds 
  Import took 0.012797 seconds .

========================================================================
Received Import Request.
  Time since last request: 0.738925 seconds.
  path: Assets/Scripts/SoundManager.cs
  artifactKey: Guid(19f4a423fdcbf6d4eb419e16d1bc4441) Importer(815301076,1909f56bfc062723c751e8b465ee728b)
Start importing Assets/Scripts/SoundManager.cs using Guid(19f4a423fdcbf6d4eb419e16d1bc4441) Importer(815301076,1909f56bfc062723c751e8b465ee728b)  -> (artifact id: 'ac6fa79356e6641b23faeed3e528fe61') in 0.008717 seconds 
  Import took 0.015493 seconds .

========================================================================
Received Import Request.
  Time since last request: 0.002602 seconds.
  path: Assets/Scripts/SoundManager.cs
  artifactKey: Guid(19f4a423fdcbf6d4eb419e16d1bc4441) Importer(815301076,1909f56bfc062723c751e8b465ee728b)
Start importing Assets/Scripts/SoundManager.cs using Guid(19f4a423fdcbf6d4eb419e16d1bc4441) Importer(815301076,1909f56bfc062723c751e8b465ee728b)  -> (artifact id: 'ac6fa79356e6641b23faeed3e528fe61') in 0.006546 seconds 
  Import took 0.012981 seconds .

========================================================================
Received Import Request.
  Time since last request: 0.961322 seconds.
  path: Assets/Scripts/Testing.cs
  artifactKey: Guid(3b220d7add93c0846b2a9c6550dfdebf) Importer(815301076,1909f56bfc062723c751e8b465ee728b)
Start importing Assets/Scripts/Testing.cs using Guid(3b220d7add93c0846b2a9c6550dfdebf) Importer(815301076,1909f56bfc062723c751e8b465ee728b)  -> (artifact id: 'bf00c7f6441f0c3d02f686bdd130abdf') in 0.043808 seconds 
  Import took 0.090499 seconds .

========================================================================
Received Prepare
Registering precompiled user dll's ...
Registered in 0.004653 seconds.
Begin MonoManager ReloadAssembly
Native extension for LinuxStandalone target not found
Native extension for WindowsStandalone target not found
Native extension for WebGL target not found
Refreshing native plugins compatible for Editor in 0.52 ms, found 3 plugins.
Preloading 0 native plugins for Editor in 0.00 ms.
Mono: successfully reloaded assembly
- Completed reload, in  1.147 seconds
Platform modules already initialized, skipping
Refreshing native plugins compatible for Editor in 0.49 ms, found 3 plugins.
Preloading 0 native plugins for Editor in 0.00 ms.
Unloading 2136 Unused Serialized files (Serialized files now loaded: 0)
System memory in use before: 95.1 MB.
System memory in use after: 95.2 MB.

Unloading 16 unused Assets to reduce memory usage. Loaded Objects now: 2602.
Total: 2.533000 ms (FindLiveObjects: 0.187200 ms CreateObjectMapping: 0.086800 ms MarkObjects: 2.211700 ms  DeleteObjects: 0.045900 ms)

AssetImportParameters requested are different than current active one (requested -> active):
  custom:framework-win-MediaFoundation: 216162199b28c13a410421893ffa2e32 -> 
  custom:video-decoder-ogg-theora: a1e56fd34408186e4bbccfd4996cb3dc -> 
  custom:container-muxer-webm: aa71ff27fc2769a1b78a27578f13a17b -> 
  custom:container-demuxer-webm: 4f35f7cbe854078d1ac9338744f61a02 -> 
  custom:container-demuxer-ogg: 62fdf1f143b41e24485cea50d1cbac27 -> 
  custom:video-encoder-webm-vp8: eb34c28f22e8b96e1ab97ce403110664 -> 
  custom:video-decoder-webm-vp8: 9c59270c3fd7afecdb556c50c9e8de78 -> 
  custom:audio-decoder-ogg-vorbis: bf7c407c2cedff20999df2af8eb42d56 -> 
  custom:audio-encoder-webm-vorbis: bf7c407c2cedff20999df2af8eb42d56 -> 
========================================================================
Received Prepare
Registering precompiled user dll's ...
Registered in 0.007144 seconds.
Begin MonoManager ReloadAssembly
Native extension for LinuxStandalone target not found
Native extension for WindowsStandalone target not found
Native extension for WebGL target not found
Refreshing native plugins compatible for Editor in 0.52 ms, found 3 plugins.
Preloading 0 native plugins for Editor in 0.00 ms.
Mono: successfully reloaded assembly
- Completed reload, in  1.442 seconds
Platform modules already initialized, skipping
Refreshing native plugins compatible for Editor in 0.73 ms, found 3 plugins.
Preloading 0 native plugins for Editor in 0.00 ms.
Unloading 2136 Unused Serialized files (Serialized files now loaded: 0)
System memory in use before: 95.1 MB.
System memory in use after: 95.3 MB.

Unloading 16 unused Assets to reduce memory usage. Loaded Objects now: 2606.
Total: 3.065900 ms (FindLiveObjects: 0.264200 ms CreateObjectMapping: 0.090800 ms MarkObjects: 2.652100 ms  DeleteObjects: 0.057200 ms)

AssetImportParameters requested are different than current active one (requested -> active):
  custom:framework-win-MediaFoundation: 216162199b28c13a410421893ffa2e32 -> 
  custom:video-decoder-ogg-theora: a1e56fd34408186e4bbccfd4996cb3dc -> 
  custom:container-muxer-webm: aa71ff27fc2769a1b78a27578f13a17b -> 
  custom:container-demuxer-webm: 4f35f7cbe854078d1ac9338744f61a02 -> 
  custom:container-demuxer-ogg: 62fdf1f143b41e24485cea50d1cbac27 -> 
  custom:video-encoder-webm-vp8: eb34c28f22e8b96e1ab97ce403110664 -> 
  custom:video-decoder-webm-vp8: 9c59270c3fd7afecdb556c50c9e8de78 -> 
  custom:audio-decoder-ogg-vorbis: bf7c407c2cedff20999df2af8eb42d56 -> 
  custom:audio-encoder-webm-vorbis: bf7c407c2cedff20999df2af8eb42d56 -> 
========================================================================
Received Prepare
Registering precompiled user dll's ...
Registered in 0.007800 seconds.
Begin MonoManager ReloadAssembly
Native extension for LinuxStandalone target not found
Native extension for WindowsStandalone target not found
Native extension for WebGL target not found
Refreshing native plugins compatible for Editor in 0.53 ms, found 3 plugins.
Preloading 0 native plugins for Editor in 0.00 ms.
Mono: successfully reloaded assembly
- Completed reload, in  1.259 seconds
Platform modules already initialized, skipping
Refreshing native plugins compatible for Editor in 0.65 ms, found 3 plugins.
Preloading 0 native plugins for Editor in 0.00 ms.
Unloading 2136 Unused Serialized files (Serialized files now loaded: 0)
System memory in use before: 95.2 MB.
System memory in use after: 95.3 MB.

Unloading 16 unused Assets to reduce memory usage. Loaded Objects now: 2610.
Total: 3.036800 ms (FindLiveObjects: 0.188100 ms CreateObjectMapping: 0.084100 ms MarkObjects: 2.723600 ms  DeleteObjects: 0.039700 ms)

AssetImportParameters requested are different than current active one (requested -> active):
  custom:framework-win-MediaFoundation: 216162199b28c13a410421893ffa2e32 -> 
  custom:video-decoder-ogg-theora: a1e56fd34408186e4bbccfd4996cb3dc -> 
  custom:container-muxer-webm: aa71ff27fc2769a1b78a27578f13a17b -> 
  custom:container-demuxer-webm: 4f35f7cbe854078d1ac9338744f61a02 -> 
  custom:container-demuxer-ogg: 62fdf1f143b41e24485cea50d1cbac27 -> 
  custom:video-encoder-webm-vp8: eb34c28f22e8b96e1ab97ce403110664 -> 
  custom:video-decoder-webm-vp8: 9c59270c3fd7afecdb556c50c9e8de78 -> 
  custom:audio-decoder-ogg-vorbis: bf7c407c2cedff20999df2af8eb42d56 -> 
  custom:audio-encoder-webm-vorbis: bf7c407c2cedff20999df2af8eb42d56 -> 
========================================================================
Received Prepare
Registering precompiled user dll's ...
Registered in 0.013605 seconds.
Begin MonoManager ReloadAssembly
Native extension for LinuxStandalone target not found
Native extension for WindowsStandalone target not found
Native extension for WebGL target not found
Refreshing native plugins compatible for Editor in 0.59 ms, found 3 plugins.
Preloading 0 native plugins for Editor in 0.00 ms.
Mono: successfully reloaded assembly
- Completed reload, in  2.154 seconds
Platform modules already initialized, skipping
Refreshing native plugins compatible for Editor in 0.72 ms, found 3 plugins.
Preloading 0 native plugins for Editor in 0.00 ms.
Unloading 2136 Unused Serialized files (Serialized files now loaded: 0)
System memory in use before: 95.2 MB.
System memory in use after: 95.3 MB.

Unloading 16 unused Assets to reduce memory usage. Loaded Objects now: 2614.
Total: 3.859400 ms (FindLiveObjects: 0.263400 ms CreateObjectMapping: 0.090100 ms MarkObjects: 3.467200 ms  DeleteObjects: 0.037000 ms)

AssetImportParameters requested are different than current active one (requested -> active):
  custom:framework-win-MediaFoundation: 216162199b28c13a410421893ffa2e32 -> 
  custom:video-decoder-ogg-theora: a1e56fd34408186e4bbccfd4996cb3dc -> 
  custom:container-muxer-webm: aa71ff27fc2769a1b78a27578f13a17b -> 
  custom:container-demuxer-webm: 4f35f7cbe854078d1ac9338744f61a02 -> 
  custom:container-demuxer-ogg: 62fdf1f143b41e24485cea50d1cbac27 -> 
  custom:video-encoder-webm-vp8: eb34c28f22e8b96e1ab97ce403110664 -> 
  custom:video-decoder-webm-vp8: 9c59270c3fd7afecdb556c50c9e8de78 -> 
  custom:audio-decoder-ogg-vorbis: bf7c407c2cedff20999df2af8eb42d56 -> 
  custom:audio-encoder-webm-vorbis: bf7c407c2cedff20999df2af8eb42d56 -> 
========================================================================
Received Prepare
Registering precompiled user dll's ...
Registered in 0.004873 seconds.
Begin MonoManager ReloadAssembly
Native extension for LinuxStandalone target not found
Native extension for WindowsStandalone target not found
Native extension for WebGL target not found
Refreshing native plugins compatible for Editor in 0.57 ms, found 3 plugins.
Preloading 0 native plugins for Editor in 0.00 ms.
Mono: successfully reloaded assembly
- Completed reload, in  1.312 seconds
Platform modules already initialized, skipping
Refreshing native plugins compatible for Editor in 0.48 ms, found 3 plugins.
Preloading 0 native plugins for Editor in 0.00 ms.
Unloading 2136 Unused Serialized files (Serialized files now loaded: 0)
System memory in use before: 95.2 MB.
System memory in use after: 95.3 MB.

Unloading 16 unused Assets to reduce memory usage. Loaded Objects now: 2618.
Total: 2.978200 ms (FindLiveObjects: 0.198800 ms CreateObjectMapping: 0.087600 ms MarkObjects: 2.657400 ms  DeleteObjects: 0.033200 ms)

AssetImportParameters requested are different than current active one (requested -> active):
  custom:framework-win-MediaFoundation: 216162199b28c13a410421893ffa2e32 -> 
  custom:video-decoder-ogg-theora: a1e56fd34408186e4bbccfd4996cb3dc -> 
  custom:container-muxer-webm: aa71ff27fc2769a1b78a27578f13a17b -> 
  custom:container-demuxer-webm: 4f35f7cbe854078d1ac9338744f61a02 -> 
  custom:container-demuxer-ogg: 62fdf1f143b41e24485cea50d1cbac27 -> 
  custom:video-encoder-webm-vp8: eb34c28f22e8b96e1ab97ce403110664 -> 
  custom:video-decoder-webm-vp8: 9c59270c3fd7afecdb556c50c9e8de78 -> 
  custom:audio-decoder-ogg-vorbis: bf7c407c2cedff20999df2af8eb42d56 -> 
  custom:audio-encoder-webm-vorbis: bf7c407c2cedff20999df2af8eb42d56 -> 
========================================================================
Received Prepare
Registering precompiled user dll's ...
Registered in 0.005948 seconds.
Begin MonoManager ReloadAssembly
Native extension for LinuxStandalone target not found
Native extension for WindowsStandalone target not found
Native extension for WebGL target not found
Refreshing native plugins compatible for Editor in 0.48 ms, found 3 plugins.
Preloading 0 native plugins for Editor in 0.00 ms.
Mono: successfully reloaded assembly
- Completed reload, in  1.264 seconds
Platform modules already initialized, skipping
Refreshing native plugins compatible for Editor in 0.71 ms, found 3 plugins.
Preloading 0 native plugins for Editor in 0.00 ms.
Unloading 2136 Unused Serialized files (Serialized files now loaded: 0)
System memory in use before: 95.2 MB.
System memory in use after: 95.3 MB.

Unloading 16 unused Assets to reduce memory usage. Loaded Objects now: 2622.
Total: 3.124700 ms (FindLiveObjects: 0.258600 ms CreateObjectMapping: 0.160400 ms MarkObjects: 2.672100 ms  DeleteObjects: 0.032300 ms)

AssetImportParameters requested are different than current active one (requested -> active):
  custom:framework-win-MediaFoundation: 216162199b28c13a410421893ffa2e32 -> 
  custom:video-decoder-ogg-theora: a1e56fd34408186e4bbccfd4996cb3dc -> 
  custom:container-muxer-webm: aa71ff27fc2769a1b78a27578f13a17b -> 
  custom:container-demuxer-webm: 4f35f7cbe854078d1ac9338744f61a02 -> 
  custom:container-demuxer-ogg: 62fdf1f143b41e24485cea50d1cbac27 -> 
  custom:video-encoder-webm-vp8: eb34c28f22e8b96e1ab97ce403110664 -> 
  custom:video-decoder-webm-vp8: 9c59270c3fd7afecdb556c50c9e8de78 -> 
  custom:audio-decoder-ogg-vorbis: bf7c407c2cedff20999df2af8eb42d56 -> 
  custom:audio-encoder-webm-vorbis: bf7c407c2cedff20999df2af8eb42d56 -> 
========================================================================
Received Prepare
Registering precompiled user dll's ...
Registered in 0.011151 seconds.
Begin MonoManager ReloadAssembly
Native extension for LinuxStandalone target not found
Native extension for WindowsStandalone target not found
Native extension for WebGL target not found
Refreshing native plugins compatible for Editor in 4.67 ms, found 3 plugins.
Preloading 0 native plugins for Editor in 0.00 ms.
Mono: successfully reloaded assembly
- Completed reload, in  1.615 seconds
Platform modules already initialized, skipping
Refreshing native plugins compatible for Editor in 0.51 ms, found 3 plugins.
Preloading 0 native plugins for Editor in 0.00 ms.
Unloading 2136 Unused Serialized files (Serialized files now loaded: 0)
System memory in use before: 95.2 MB.
System memory in use after: 95.3 MB.

Unloading 16 unused Assets to reduce memory usage. Loaded Objects now: 2626.
Total: 4.823200 ms (FindLiveObjects: 0.215000 ms CreateObjectMapping: 0.089700 ms MarkObjects: 4.492700 ms  DeleteObjects: 0.023900 ms)

AssetImportParameters requested are different than current active one (requested -> active):
  custom:framework-win-MediaFoundation: 216162199b28c13a410421893ffa2e32 -> 
  custom:video-decoder-ogg-theora: a1e56fd34408186e4bbccfd4996cb3dc -> 
  custom:container-muxer-webm: aa71ff27fc2769a1b78a27578f13a17b -> 
  custom:container-demuxer-webm: 4f35f7cbe854078d1ac9338744f61a02 -> 
  custom:container-demuxer-ogg: 62fdf1f143b41e24485cea50d1cbac27 -> 
  custom:video-encoder-webm-vp8: eb34c28f22e8b96e1ab97ce403110664 -> 
  custom:video-decoder-webm-vp8: 9c59270c3fd7afecdb556c50c9e8de78 -> 
  custom:audio-decoder-ogg-vorbis: bf7c407c2cedff20999df2af8eb42d56 -> 
  custom:audio-encoder-webm-vorbis: bf7c407c2cedff20999df2af8eb42d56 -> 
========================================================================
Received Prepare
Registering precompiled user dll's ...
Registered in 0.012226 seconds.
Begin MonoManager ReloadAssembly
Native extension for LinuxStandalone target not found
Native extension for WindowsStandalone target not found
Native extension for WebGL target not found
Refreshing native plugins compatible for Editor in 0.50 ms, found 3 plugins.
Preloading 0 native plugins for Editor in 0.00 ms.
Mono: successfully reloaded assembly
- Completed reload, in  1.765 seconds
Platform modules already initialized, skipping
Refreshing native plugins compatible for Editor in 0.54 ms, found 3 plugins.
Preloading 0 native plugins for Editor in 0.00 ms.
Unloading 2136 Unused Serialized files (Serialized files now loaded: 0)
System memory in use before: 95.2 MB.
System memory in use after: 95.4 MB.

Unloading 16 unused Assets to reduce memory usage. Loaded Objects now: 2630.
Total: 3.120100 ms (FindLiveObjects: 0.268200 ms CreateObjectMapping: 0.160600 ms MarkObjects: 2.655900 ms  DeleteObjects: 0.034000 ms)

AssetImportParameters requested are different than current active one (requested -> active):
  custom:framework-win-MediaFoundation: 216162199b28c13a410421893ffa2e32 -> 
  custom:video-decoder-ogg-theora: a1e56fd34408186e4bbccfd4996cb3dc -> 
  custom:container-muxer-webm: aa71ff27fc2769a1b78a27578f13a17b -> 
  custom:container-demuxer-webm: 4f35f7cbe854078d1ac9338744f61a02 -> 
  custom:container-demuxer-ogg: 62fdf1f143b41e24485cea50d1cbac27 -> 
  custom:video-encoder-webm-vp8: eb34c28f22e8b96e1ab97ce403110664 -> 
  custom:video-decoder-webm-vp8: 9c59270c3fd7afecdb556c50c9e8de78 -> 
  custom:audio-decoder-ogg-vorbis: bf7c407c2cedff20999df2af8eb42d56 -> 
  custom:audio-encoder-webm-vorbis: bf7c407c2cedff20999df2af8eb42d56 -> 
========================================================================
Received Import Request.
  Time since last request: 2947.643012 seconds.
  path: Assets/Prefabs/Cell.prefab
  artifactKey: Guid(7333163d53dde0a42b00721e10d96c01) Importer(815301076,1909f56bfc062723c751e8b465ee728b)
Start importing Assets/Prefabs/Cell.prefab using Guid(7333163d53dde0a42b00721e10d96c01) Importer(815301076,1909f56bfc062723c751e8b465ee728b)  -> (artifact id: 'aaa399ab9ebb15b0fbd47a0109290ed1') in 0.158286 seconds 
  Import took 0.166333 seconds .

========================================================================
Received Import Request.
  Time since last request: 6.576513 seconds.
  path: Assets/Prefabs/Cell.prefab
  artifactKey: Guid(7333163d53dde0a42b00721e10d96c01) Importer(815301076,1909f56bfc062723c751e8b465ee728b)
Start importing Assets/Prefabs/Cell.prefab using Guid(7333163d53dde0a42b00721e10d96c01) Importer(815301076,1909f56bfc062723c751e8b465ee728b)  -> (artifact id: 'b9225eebe8041edb3df7411eafae113b') in 0.043934 seconds 
  Import took 0.053691 seconds .

========================================================================
Received Import Request.
  Time since last request: 4.010567 seconds.
  path: Assets/Prefabs/Cell.prefab
  artifactKey: Guid(7333163d53dde0a42b00721e10d96c01) Importer(815301076,1909f56bfc062723c751e8b465ee728b)
Start importing Assets/Prefabs/Cell.prefab using Guid(7333163d53dde0a42b00721e10d96c01) Importer(815301076,1909f56bfc062723c751e8b465ee728b)  -> (artifact id: '16a3380dc5617fc7e9e85014060d2d1c') in 0.035481 seconds 
  Import took 0.041256 seconds .

========================================================================
Received Import Request.
  Time since last request: 3.648501 seconds.
  path: Assets/Prefabs/Cell.prefab
  artifactKey: Guid(7333163d53dde0a42b00721e10d96c01) Importer(815301076,1909f56bfc062723c751e8b465ee728b)
Start importing Assets/Prefabs/Cell.prefab using Guid(7333163d53dde0a42b00721e10d96c01) Importer(815301076,1909f56bfc062723c751e8b465ee728b)  -> (artifact id: '7fd7a23ef5e72794236283a5e6720bf5') in 0.048481 seconds 
  Import took 0.055741 seconds .

========================================================================
Received Prepare
Registering precompiled user dll's ...
Registered in 0.008592 seconds.
Begin MonoManager ReloadAssembly
Native extension for LinuxStandalone target not found
Native extension for WindowsStandalone target not found
Native extension for WebGL target not found
Refreshing native plugins compatible for Editor in 0.55 ms, found 3 plugins.
Preloading 0 native plugins for Editor in 0.00 ms.
Mono: successfully reloaded assembly
- Completed reload, in  1.551 seconds
Platform modules already initialized, skipping
Refreshing native plugins compatible for Editor in 0.49 ms, found 3 plugins.
Preloading 0 native plugins for Editor in 0.00 ms.
Unloading 2136 Unused Serialized files (Serialized files now loaded: 0)
System memory in use before: 95.3 MB.
System memory in use after: 95.4 MB.

Unloading 16 unused Assets to reduce memory usage. Loaded Objects now: 2634.
Total: 2.524500 ms (FindLiveObjects: 0.254100 ms CreateObjectMapping: 0.093800 ms MarkObjects: 2.144100 ms  DeleteObjects: 0.031000 ms)

AssetImportParameters requested are different than current active one (requested -> active):
  custom:framework-win-MediaFoundation: 216162199b28c13a410421893ffa2e32 -> 
  custom:video-decoder-ogg-theora: a1e56fd34408186e4bbccfd4996cb3dc -> 
  custom:container-muxer-webm: aa71ff27fc2769a1b78a27578f13a17b -> 
  custom:container-demuxer-webm: 4f35f7cbe854078d1ac9338744f61a02 -> 
  custom:container-demuxer-ogg: 62fdf1f143b41e24485cea50d1cbac27 -> 
  custom:video-encoder-webm-vp8: eb34c28f22e8b96e1ab97ce403110664 -> 
  custom:video-decoder-webm-vp8: 9c59270c3fd7afecdb556c50c9e8de78 -> 
  custom:audio-decoder-ogg-vorbis: bf7c407c2cedff20999df2af8eb42d56 -> 
  custom:audio-encoder-webm-vorbis: bf7c407c2cedff20999df2af8eb42d56 -> 
========================================================================
Received Prepare
Registering precompiled user dll's ...
Registered in 0.006134 seconds.
Begin MonoManager ReloadAssembly
Native extension for LinuxStandalone target not found
Native extension for WindowsStandalone target not found
Native extension for WebGL target not found
Refreshing native plugins compatible for Editor in 0.49 ms, found 3 plugins.
Preloading 0 native plugins for Editor in 0.00 ms.
Mono: successfully reloaded assembly
- Completed reload, in  1.276 seconds
Platform modules already initialized, skipping
Refreshing native plugins compatible for Editor in 0.55 ms, found 3 plugins.
Preloading 0 native plugins for Editor in 0.00 ms.
Unloading 2136 Unused Serialized files (Serialized files now loaded: 0)
System memory in use before: 95.3 MB.
System memory in use after: 95.4 MB.

Unloading 16 unused Assets to reduce memory usage. Loaded Objects now: 2638.
Total: 3.208000 ms (FindLiveObjects: 0.223500 ms CreateObjectMapping: 0.088400 ms MarkObjects: 2.863100 ms  DeleteObjects: 0.031500 ms)

AssetImportParameters requested are different than current active one (requested -> active):
  custom:framework-win-MediaFoundation: 216162199b28c13a410421893ffa2e32 -> 
  custom:video-decoder-ogg-theora: a1e56fd34408186e4bbccfd4996cb3dc -> 
  custom:container-muxer-webm: aa71ff27fc2769a1b78a27578f13a17b -> 
  custom:container-demuxer-webm: 4f35f7cbe854078d1ac9338744f61a02 -> 
  custom:container-demuxer-ogg: 62fdf1f143b41e24485cea50d1cbac27 -> 
  custom:video-encoder-webm-vp8: eb34c28f22e8b96e1ab97ce403110664 -> 
  custom:video-decoder-webm-vp8: 9c59270c3fd7afecdb556c50c9e8de78 -> 
  custom:audio-decoder-ogg-vorbis: bf7c407c2cedff20999df2af8eb42d56 -> 
  custom:audio-encoder-webm-vorbis: bf7c407c2cedff20999df2af8eb42d56 -> 
========================================================================
Received Import Request.
  Time since last request: 466.326122 seconds.
  path: Assets/Fonts/Fathur-Free SDF.asset
  artifactKey: Guid(522f254609c1b2c4fae648bb5a8f8261) Importer(815301076,1909f56bfc062723c751e8b465ee728b)
Start importing Assets/Fonts/Fathur-Free SDF.asset using Guid(522f254609c1b2c4fae648bb5a8f8261) Importer(815301076,1909f56bfc062723c751e8b465ee728b)  -> (artifact id: '3e9d6d5aa460c7888d81981fdc3dba0a') in 0.189336 seconds 
  Import took 0.196220 seconds .

========================================================================
Received Import Request.
  Time since last request: 0.000276 seconds.
  path: Assets/Fonts/Flash Back - Demo SDF.asset
  artifactKey: Guid(e6d0a5514c7e65b4aa7bc1471c761c06) Importer(815301076,1909f56bfc062723c751e8b465ee728b)
Start importing Assets/Fonts/Flash Back - Demo SDF.asset using Guid(e6d0a5514c7e65b4aa7bc1471c761c06) Importer(815301076,1909f56bfc062723c751e8b465ee728b)  -> (artifact id: '5167fc9ab30c408da5089719aaf93a47') in 0.041869 seconds 
  Import took 0.046826 seconds .

========================================================================
Received Import Request.
  Time since last request: 0.000248 seconds.
  path: Assets/Fonts/RocketRinder-yV5d.ttf
  artifactKey: Guid(1fab02e88ed64d447b95c7455c895020) Importer(815301076,1909f56bfc062723c751e8b465ee728b)
Start importing Assets/Fonts/RocketRinder-yV5d.ttf using Guid(1fab02e88ed64d447b95c7455c895020) Importer(815301076,1909f56bfc062723c751e8b465ee728b)  -> (artifact id: 'a1904ecb7de3e8ecd9bf90ae4c341b53') in 0.465195 seconds 
  Import took 0.469001 seconds .

========================================================================
Received Import Request.
  Time since last request: 0.000307 seconds.
  path: Assets/Fonts/OpenBrush SDF.asset
  artifactKey: Guid(04ba39ba741d6824b96ed8e31ae19bd2) Importer(815301076,1909f56bfc062723c751e8b465ee728b)
Start importing Assets/Fonts/OpenBrush SDF.asset using Guid(04ba39ba741d6824b96ed8e31ae19bd2) Importer(815301076,1909f56bfc062723c751e8b465ee728b)  -> (artifact id: 'b908a3efa51a9dfe4a47f98192679802') in 0.027909 seconds 
  Import took 0.032256 seconds .

========================================================================
Received Import Request.
  Time since last request: 0.000308 seconds.
  path: Assets/Fonts/Flash Back - Demo.ttf
  artifactKey: Guid(9a3a5be51b7bf3f44af8683b1fd64d10) Importer(815301076,1909f56bfc062723c751e8b465ee728b)
Start importing Assets/Fonts/Flash Back - Demo.ttf using Guid(9a3a5be51b7bf3f44af8683b1fd64d10) Importer(815301076,1909f56bfc062723c751e8b465ee728b)  -> (artifact id: '610a40dff20b91b864167d3ecac293ca') in 0.019925 seconds 
  Import took 0.024211 seconds .

========================================================================
Received Import Request.
  Time since last request: 0.000116 seconds.
  path: Assets/Fonts/Vermin Vibes SDF.asset
  artifactKey: Guid(806cdd7faf663cb4a9070c5323fd76ce) Importer(815301076,1909f56bfc062723c751e8b465ee728b)
Start importing Assets/Fonts/Vermin Vibes SDF.asset using Guid(806cdd7faf663cb4a9070c5323fd76ce) Importer(815301076,1909f56bfc062723c751e8b465ee728b)  -> (artifact id: '50aa7e6b2f21a8a723ee9f790cbf84fd') in 0.034259 seconds 
  Import took 0.039654 seconds .

========================================================================
Received Import Request.
  Time since last request: 0.000425 seconds.
  path: Assets/Fonts/Vermin Vibes.ttf
  artifactKey: Guid(e41df6046d690804f857e2d726ac9e3f) Importer(815301076,1909f56bfc062723c751e8b465ee728b)
Start importing Assets/Fonts/Vermin Vibes.ttf using Guid(e41df6046d690804f857e2d726ac9e3f) Importer(815301076,1909f56bfc062723c751e8b465ee728b)  -> (artifact id: '820dc34c545325e69c70173b820f2783') in 0.015811 seconds 
  Import took 0.020421 seconds .

========================================================================
Received Import Request.
  Time since last request: 0.000305 seconds.
  path: Assets/Fonts/OpenBrush.ttf
  artifactKey: Guid(58c339f1aad5fb24ca91e5229e1df802) Importer(815301076,1909f56bfc062723c751e8b465ee728b)
Start importing Assets/Fonts/OpenBrush.ttf using Guid(58c339f1aad5fb24ca91e5229e1df802) Importer(815301076,1909f56bfc062723c751e8b465ee728b)  -> (artifact id: 'bb210b528ebc836b258f7eb34f782b5e') in 0.033788 seconds 
  Import took 0.037631 seconds .

========================================================================
Received Import Request.
  Time since last request: 0.000266 seconds.
  path: Assets/Fonts/RocketRinder-yV5d SDF.asset
  artifactKey: Guid(986a266355355614bbb7157b505a0aac) Importer(815301076,1909f56bfc062723c751e8b465ee728b)
Start importing Assets/Fonts/RocketRinder-yV5d SDF.asset using Guid(986a266355355614bbb7157b505a0aac) Importer(815301076,1909f56bfc062723c751e8b465ee728b)  -> (artifact id: '8c86f45d5e67119c5987a3e9ec488100') in 0.035867 seconds 
  Import took 0.041598 seconds .

========================================================================
Received Import Request.
  Time since last request: 0.000227 seconds.
  path: Assets/Fonts/Fathur-Free.ttf
  artifactKey: Guid(3377b393def4453419520e8ae94bfbd1) Importer(815301076,1909f56bfc062723c751e8b465ee728b)
Start importing Assets/Fonts/Fathur-Free.ttf using Guid(3377b393def4453419520e8ae94bfbd1) Importer(815301076,1909f56bfc062723c751e8b465ee728b)  -> (artifact id: 'ba50f81b9fa91b92b8e6458f1818c414') in 0.016144 seconds 
  Import took 0.020195 seconds .

AssetImportWorkerClient::OnTransportError - code=2 error=End of file
